mode: set
github.com/shahen94/rocket/render/render.go:31.65,40.2 2 0
github.com/shahen94/rocket/render/render.go:42.113,43.39 1 1
github.com/shahen94/rocket/render/render.go:49.2,49.12 1 0
github.com/shahen94/rocket/render/render.go:44.12,45.38 1 1
github.com/shahen94/rocket/render/render.go:46.13,47.50 1 1
github.com/shahen94/rocket/render/go_renderer.go:9.104,13.16 3 1
github.com/shahen94/rocket/render/go_renderer.go:17.2,19.17 2 1
github.com/shahen94/rocket/render/go_renderer.go:22.2,24.16 2 1
github.com/shahen94/rocket/render/go_renderer.go:28.2,28.12 1 1
github.com/shahen94/rocket/render/go_renderer.go:13.16,15.3 1 1
github.com/shahen94/rocket/render/go_renderer.go:19.17,21.3 1 0
github.com/shahen94/rocket/render/go_renderer.go:24.16,26.3 1 0
github.com/shahen94/rocket/render/jet_page.go:11.116,14.22 2 1
github.com/shahen94/rocket/render/jet_page.go:20.2,22.17 2 1
github.com/shahen94/rocket/render/jet_page.go:26.2,28.16 2 1
github.com/shahen94/rocket/render/jet_page.go:33.2,33.46 1 1
github.com/shahen94/rocket/render/jet_page.go:37.2,37.12 1 1
github.com/shahen94/rocket/render/jet_page.go:14.22,16.3 1 1
github.com/shahen94/rocket/render/jet_page.go:16.8,18.3 1 0
github.com/shahen94/rocket/render/jet_page.go:22.17,24.3 1 0
github.com/shahen94/rocket/render/jet_page.go:28.16,31.3 2 0
github.com/shahen94/rocket/render/jet_page.go:33.46,36.3 2 0
